<?xml version="1.0" encoding="UTF-8"?>
<!-- Generated by org.testng.reporters.JUnitXMLReporter -->
<testsuite ignored="0" hostname="ThamizhRyzen" failures="0" tests="12" name="Test" time="153.762" errors="0" timestamp="2023-09-09T10:55:45 IST">
  <testcase classname="mypageTest.Home_Test" name="loginpage_Test" time="10.581"/>
  <testcase classname="mypageTest.Home_Test" name="todaystatuspage_Test" time="9.077"/>
  <testcase classname="mypageTest.Home_Test" name="attenddash_Test" time="4.464"/>
  <testcase classname="mypageTest.Home_Test" name="separationdash_Test" time="4.585"/>
  <testcase classname="mypageTest.Attendance_Test" name="loginpage_Test" time="7.357"/>
  <testcase classname="mypageTest.Attendance_Test" name="attendancePlan_Test" time="15.957"/>
  <testcase classname="mypageTest.Attendance_Test" name="editAttendceplan_Test" time="9.459"/>
  <testcase classname="mypageTest.Attendance_Test" name="addOverTime_Test" time="10.341"/>
  <testcase classname="mypageTest.Attendance_Test" name="editOverTime_Test" time="8.254"/>
  <testcase classname="mypageTest.Attendance_Test" name="shiftRoasterNew_Test" time="5.071"/>
  <testcase classname="mypageTest.Attendance_Test" name="timesheet_Test" time="6.099"/>
  <testcase classname="mypageTest.Attendance_Test" name="imoffPage_Test" time="11.097"/>
</testsuite> <!-- Test -->
