<?xml version="1.0" encoding="UTF-8"?>
<!-- Generated by org.testng.reporters.JUnitXMLReporter -->
<testsuite ignored="0" hostname="ThamizhRyzen" failures="1" tests="14" name="Test" time="161.266" errors="0" timestamp="2023-09-11T17:45:09 IST">
  <testcase classname="mypageTest.Home_Test" name="loginpage_Test" time="4.412"/>
  <testcase classname="mypageTest.Home_Test" name="todaystatuspage_Test" time="5.696"/>
  <testcase classname="mypageTest.Home_Test" name="attenddash_Test" time="4.488"/>
  <testcase classname="mypageTest.Home_Test" name="separationdash_Test" time="4.397"/>
  <testcase classname="mypageTest.Attendance_Test" name="loginpage_Test" time="3.793"/>
  <testcase classname="mypageTest.Attendance_Test" name="attendancePlan_Test" time="12.622"/>
  <testcase classname="mypageTest.Attendance_Test" name="editAttendceplan_Test" time="7.942"/>
  <testcase classname="mypageTest.Attendance_Test" name="addOverTime_Test" time="9.013"/>
  <testcase classname="mypageTest.Attendance_Test" name="editOverTime_Test" time="7.436"/>
  <testcase classname="mypageTest.Attendance_Test" name="shiftRoasterNew_Test" time="4.831"/>
  <testcase classname="mypageTest.Attendance_Test" name="timesheet_Test" time="7.095"/>
  <testcase classname="mypageTest.Attendance_Test" name="imoffPage_Test" time="11.895">
    <failure type="java.lang.AssertionError" message="expected [New I&amp;apos;m Off Setting] but found [New I&amp;apos;m Off Settings]">
      <![CDATA[java.lang.AssertionError: expected [New I'm Off Setting] but found [New I'm Off Settings]
at mypageTest.Attendance_Test.imoffPage_Test(Attendance_Test.java:81)
at java.base/java.util.ArrayList.forEach(ArrayList.java:1511)
... Removed 33 stack frames]]>
    </failure>
  </testcase> <!-- imoffPage_Test -->
  <testcase classname="mypageTest.Attendance_Test" name="addApprovalWorkflow_Test" time="21.341"/>
  <testcase classname="mypageTest.Attendance_Test" name="editApprovalWorkflow" time="6.595"/>
</testsuite> <!-- Test -->
