<?xml version="1.0" encoding="UTF-8"?>
<testng-results ignored="0" total="4" passed="4" failed="0" skipped="0">
  <reporter-output>
  </reporter-output>
  <suite started-at="2023-09-24T15:36:17 IST" name="Suite" finished-at="2023-09-24T15:37:05 IST" duration-ms="47740">
    <groups>
    </groups>
    <test started-at="2023-09-24T15:36:17 IST" name="Test" finished-at="2023-09-24T15:37:05 IST" duration-ms="47740">
      <class name="mypageTest.Home_Test">
        <test-method is-config="true" signature="setup(java.lang.String)[pri:0, instance:mypageTest.Home_Test@2d6c53fc]" started-at="2023-09-24T15:36:17 IST" name="setup" finished-at="2023-09-24T15:36:23 IST" duration-ms="6037" status="PASS">
          <params>
            <param index="0">
              <value>
                <![CDATA[chrome]]>
              </value>
            </param>
          </params>
          <reporter-output>
          </reporter-output>
        </test-method> <!-- setup -->
        <test-method signature="loginpage_Test()[pri:0, instance:mypageTest.Home_Test@2d6c53fc]" started-at="2023-09-24T15:36:23 IST" name="loginpage_Test" finished-at="2023-09-24T15:36:32 IST" duration-ms="8084" status="PASS">
          <reporter-output>
          </reporter-output>
        </test-method> <!-- loginpage_Test -->
        <test-method signature="todaystatuspage_Test()[pri:1, instance:mypageTest.Home_Test@2d6c53fc]" started-at="2023-09-24T15:36:35 IST" name="todaystatuspage_Test" finished-at="2023-09-24T15:36:44 IST" duration-ms="9333" status="PASS">
          <reporter-output>
          </reporter-output>
        </test-method> <!-- todaystatuspage_Test -->
        <test-method signature="attenddash_Test()[pri:2, instance:mypageTest.Home_Test@2d6c53fc]" started-at="2023-09-24T15:36:48 IST" name="attenddash_Test" finished-at="2023-09-24T15:36:53 IST" duration-ms="5210" status="PASS">
          <reporter-output>
          </reporter-output>
        </test-method> <!-- attenddash_Test -->
        <test-method signature="separationdash_Test()[pri:3, instance:mypageTest.Home_Test@2d6c53fc]" started-at="2023-09-24T15:36:56 IST" name="separationdash_Test" finished-at="2023-09-24T15:37:01 IST" duration-ms="4966" status="PASS">
          <reporter-output>
          </reporter-output>
        </test-method> <!-- separationdash_Test -->
        <test-method is-config="true" signature="teardown()[pri:0, instance:mypageTest.Home_Test@2d6c53fc]" started-at="2023-09-24T15:37:04 IST" name="teardown" finished-at="2023-09-24T15:37:05 IST" duration-ms="364" status="PASS">
          <reporter-output>
          </reporter-output>
        </test-method> <!-- teardown -->
      </class> <!-- mypageTest.Home_Test -->
    </test> <!-- Test -->
  </suite> <!-- Suite -->
</testng-results>
